<?xml version="1.0" encoding="UTF-8"?>
<testsuite xmlns:xsi="http://www.w3.org/2001/XMLSchema-instance" xsi:noNamespaceSchemaLocation="https://maven.apache.org/surefire/maven-surefire-plugin/xsd/surefire-test-report.xsd" name="org.mrbriefcase.rpnTest" time="0.05" tests="21" errors="0" skipped="0" failures="0">
  <properties>
[...]
</properties>
  <testcase name="additionAlphaTest" classname="org.mrbriefcase.rpnTest" time="0.004"/>
  <testcase name="divisionByZeroTest" classname="org.mrbriefcase.rpnTest" time="0.001"/>
  <testcase name="divisionTest" classname="org.mrbriefcase.rpnTest" time="0"/>
  <testcase name="multiplicationAlphaTest" classname="org.mrbriefcase.rpnTest" time="0"/>
  <testcase name="divisionByZeroTest2" classname="org.mrbriefcase.rpnTest" time="0.001"/>
  <testcase name="divisionByZeroTest3" classname="org.mrbriefcase.rpnTest" time="0.001"/>
  <testcase name="noArgumentsTest" classname="org.mrbriefcase.rpnTest" time="0.001"/>
  <testcase name="subtractionAlphaTest" classname="org.mrbriefcase.rpnTest" time="0"/>
  <testcase name="tooManyOperandsTest" classname="org.mrbriefcase.rpnTest" time="0.002"/>
  <testcase name="invalidArgumentOrderTest" classname="org.mrbriefcase.rpnTest" time="0.001"/>
  <testcase name="additionTest" classname="org.mrbriefcase.rpnTest" time="0.001"/>
  <testcase name="cosineTest" classname="org.mrbriefcase.rpnTest" time="0.001"/>
  <testcase name="notEnoughOperandsToOperatorOnTest" classname="org.mrbriefcase.rpnTest" time="0.001"/>
  <testcase name="multiplicationTest" classname="org.mrbriefcase.rpnTest" time="0.001"/>
  <testcase name="multipleOperationTest" classname="org.mrbriefcase.rpnTest" time="0.001"/>
  <testcase name="noOperatorsPresentTest" classname="org.mrbriefcase.rpnTest" time="0.001"/>
  <testcase name="subtractionTest" classname="org.mrbriefcase.rpnTest" time="0.001"/>
  <testcase name="divisionAlphaTest" classname="org.mrbriefcase.rpnTest" time="0"/>
  <testcase name="invalidArgumentOrOperatorPresentTest" classname="org.mrbriefcase.rpnTest" time="0.002"/>
  <testcase name="decimalPointTest" classname="org.mrbriefcase.rpnTest" time="0"/>
  <testcase name="notEnoughOperandsAndOrOperatorsTest" classname="org.mrbriefcase.rpnTest" time="0.001"/>
</testsuite>